C51 COMPILER V9.01   MAIN                                                                  05/20/2022 14:28:34 PAGE 1   


C51 COMPILER V9.01, COMPILATION OF MODULE MAIN
OBJECT MODULE PLACED IN main.OBJ
COMPILER INVOKED BY: D:\YZ\KEILC51\C51\BIN\C51.EXE main.c BROWSE DEBUG OBJECTEXTEND

line level    source

   1          /**************************************************************************************
   2          深圳市普中科技有限公司（PRECHIN 普中）
   3          技术支持：www.prechin.net
   4          
   5          实验名称：LED点阵实验(点亮一个点)
   6          接线说明：      
   7          实验现象：下载程序后，8*8LED点阵点亮左上角第一个点
   8          注意事项：LED点阵旁的J24黄色跳线帽短接到GND一端                                                                                                                                                           
   9          ***************************************************************************************/
  10          #include "reg51.h"
  11          
  12          typedef unsigned int u16;       //对系统默认数据类型进行重定义
  13          typedef unsigned char u8;
  14          
  15          //定义74HC595控制管脚
  16          sbit SRCLK=P3^6;        //移位寄存器时钟输入
  17          sbit RCLK=P3^5;         //存储寄存器时钟输入
  18          sbit SER=P3^4;          //串行数据输入
  19          
  20          #define LEDDZ_COL_PORT  P0      //点阵列控制端口
  21          
  22          
  23          /*******************************************************************************
  24          * 函 数 名       : delay_10us
  25          * 函数功能               : 延时函数，ten_us=1时，大约延时10us
  26          * 输    入       : ten_us
  27          * 输    出       : 无
  28          *******************************************************************************/
  29          void delay_10us(u16 ten_us)
  30          {
  31   1              while(ten_us--);        
  32   1      }
  33          
  34          /*******************************************************************************
  35          * 函 数 名         : hc595_write_data(u8 dat)
  36          * 函数功能                 : 向74HC595写入一个字节的数据
  37          * 输    入         : dat：数据
  38          * 输    出         : 无
  39          *******************************************************************************/
  40          void hc595_write_data(u8 dat)
  41          {
  42   1              u8 i=0;
  43   1              
  44   1              for(i=0;i<8;i++)//循环8次即可将一个字节写入寄存器中
  45   1              {
  46   2                      SER=dat>>7;//优先传输一个字节中的高位
  47   2                      dat<<=1;//将低位移动到高位
  48   2                      SRCLK=0;
  49   2                      delay_10us(1);
  50   2                      SRCLK=1;
  51   2                      delay_10us(1);//移位寄存器时钟上升沿将端口数据送入寄存器中      
  52   2              }
  53   1              RCLK=1;
  54   1              delay_10us(1);
  55   1              RCLK=0;//存储寄存器时钟上升沿将前面写入到寄存器的数据输出       
C51 COMPILER V9.01   MAIN                                                                  05/20/2022 14:28:34 PAGE 2   

  56   1      }
  57          
  58          
  59          /*******************************************************************************
  60          * 函 数 名       : main
  61          * 函数功能               : 主函数
  62          * 输    入       : 无
  63          * 输    出       : 无
  64          *******************************************************************************/
  65          void main()
  66          {       
  67   1              u8 i=0;
  68   1      
  69   1              LEDDZ_COL_PORT=0x7f;//将LED点阵左边第一列设置为0，即LED阴极为低电平，其余列为1，即高电平
  70   1              while(1)
  71   1              {                       
  72   2                      hc595_write_data(0x80);//将LED点阵上边第一行设置为1，即LED阳极为高电平，其余行为0，即低电平                                                             
  73   2              }               
  74   1      }


MODULE INFORMATION:   STATIC OVERLAYABLE
   CODE SIZE        =     69    ----
   CONSTANT SIZE    =   ----    ----
   XDATA SIZE       =   ----    ----
   PDATA SIZE       =   ----    ----
   DATA SIZE        =   ----       1
   IDATA SIZE       =   ----    ----
   BIT SIZE         =   ----    ----
END OF MODULE INFORMATION.


C51 COMPILATION COMPLETE.  0 WARNING(S),  0 ERROR(S)
